mode: atomic
github.com/gocraft/work/webui/webui.go:33.77,44.105 3 9
github.com/gocraft/work/webui/webui.go:48.2,48.93 1 9
github.com/gocraft/work/webui/webui.go:52.2,67.81 12 9
github.com/gocraft/work/webui/webui.go:71.2,71.88 1 9
github.com/gocraft/work/webui/webui.go:76.2,76.15 1 9
github.com/gocraft/work/webui/webui.go:44.105,47.3 2 20
github.com/gocraft/work/webui/webui.go:48.93,51.3 2 20
github.com/gocraft/work/webui/webui.go:67.81,70.3 2 1
github.com/gocraft/work/webui/webui.go:71.88,74.3 2 1
github.com/gocraft/work/webui/webui.go:80.26,82.21 2 1
github.com/gocraft/work/webui/webui.go:82.21,85.3 2 1
github.com/gocraft/work/webui/webui.go:89.25,92.2 2 1
github.com/gocraft/work/webui/webui.go:94.65,97.2 2 3
github.com/gocraft/work/webui/webui.go:99.70,102.2 2 1
github.com/gocraft/work/webui/webui.go:104.70,106.16 2 2
github.com/gocraft/work/webui/webui.go:111.2,112.34 2 2
github.com/gocraft/work/webui/webui.go:118.2,118.35 1 2
github.com/gocraft/work/webui/webui.go:106.16,109.3 2 0
github.com/gocraft/work/webui/webui.go:112.34,113.16 1 42
github.com/gocraft/work/webui/webui.go:113.16,115.4 1 1
github.com/gocraft/work/webui/webui.go:121.68,123.16 2 1
github.com/gocraft/work/webui/webui.go:128.2,129.16 2 1
github.com/gocraft/work/webui/webui.go:134.2,139.27 2 1
github.com/gocraft/work/webui/webui.go:123.16,126.3 2 0
github.com/gocraft/work/webui/webui.go:129.16,132.3 2 0
github.com/gocraft/work/webui/webui.go:142.72,144.16 2 1
github.com/gocraft/work/webui/webui.go:149.2,150.16 2 1
github.com/gocraft/work/webui/webui.go:155.2,160.27 2 1
github.com/gocraft/work/webui/webui.go:144.16,147.3 2 0
github.com/gocraft/work/webui/webui.go:150.16,153.3 2 0
github.com/gocraft/work/webui/webui.go:163.67,165.16 2 6
github.com/gocraft/work/webui/webui.go:170.2,171.16 2 6
github.com/gocraft/work/webui/webui.go:176.2,181.27 2 6
github.com/gocraft/work/webui/webui.go:165.16,168.3 2 0
github.com/gocraft/work/webui/webui.go:171.16,174.3 2 0
github.com/gocraft/work/webui/webui.go:184.72,186.16 2 1
github.com/gocraft/work/webui/webui.go:191.2,193.52 2 1
github.com/gocraft/work/webui/webui.go:186.16,189.3 2 0
github.com/gocraft/work/webui/webui.go:196.71,198.16 2 1
github.com/gocraft/work/webui/webui.go:203.2,205.52 2 1
github.com/gocraft/work/webui/webui.go:198.16,201.3 2 0
github.com/gocraft/work/webui/webui.go:208.76,211.2 2 1
github.com/gocraft/work/webui/webui.go:213.75,216.2 2 1
github.com/gocraft/work/webui/webui.go:218.69,219.16 1 18
github.com/gocraft/work/webui/webui.go:224.2,225.16 2 18
github.com/gocraft/work/webui/webui.go:229.2,229.20 1 18
github.com/gocraft/work/webui/webui.go:219.16,222.3 2 0
github.com/gocraft/work/webui/webui.go:225.16,228.3 2 0
github.com/gocraft/work/webui/webui.go:232.53,235.2 2 0
github.com/gocraft/work/webui/webui.go:237.46,239.16 2 8
github.com/gocraft/work/webui/webui.go:243.2,244.19 2 8
github.com/gocraft/work/webui/webui.go:248.2,249.24 2 8
github.com/gocraft/work/webui/webui.go:239.16,241.3 1 0
github.com/gocraft/work/webui/webui.go:244.19,246.3 1 8
github.com/gocraft/work/worker_pool.go:44.46,45.23 1 4
github.com/gocraft/work/worker_pool.go:48.2,48.22 1 1
github.com/gocraft/work/worker_pool.go:45.23,47.3 1 3
github.com/gocraft/work/worker_pool.go:88.103,90.2 1 16
github.com/gocraft/work/worker_pool.go:94.148,95.17 1 16
github.com/gocraft/work/worker_pool.go:99.2,111.44 4 16
github.com/gocraft/work/worker_pool.go:116.2,116.11 1 16
github.com/gocraft/work/worker_pool.go:95.17,96.53 1 0
github.com/gocraft/work/worker_pool.go:111.44,114.3 2 120
github.com/gocraft/work/worker_pool.go:122.62,130.62 4 1
github.com/gocraft/work/worker_pool.go:135.2,137.31 2 0
github.com/gocraft/work/worker_pool.go:141.2,141.11 1 0
github.com/gocraft/work/worker_pool.go:130.62,133.3 2 0
github.com/gocraft/work/worker_pool.go:137.31,139.3 1 0
github.com/gocraft/work/worker_pool.go:148.68,150.2 1 13
github.com/gocraft/work/worker_pool.go:154.99,164.41 5 21
github.com/gocraft/work/worker_pool.go:169.2,171.31 2 20
github.com/gocraft/work/worker_pool.go:175.2,175.11 1 20
github.com/gocraft/work/worker_pool.go:164.41,167.3 2 16
github.com/gocraft/work/worker_pool.go:171.31,173.3 1 147
github.com/gocraft/work/worker_pool.go:182.84,186.16 3 0
github.com/gocraft/work/worker_pool.go:190.2,192.11 2 0
github.com/gocraft/work/worker_pool.go:186.16,187.13 1 0
github.com/gocraft/work/worker_pool.go:196.31,197.16 1 16
github.com/gocraft/work/worker_pool.go:200.2,206.31 4 15
github.com/gocraft/work/worker_pool.go:210.2,214.29 5 15
github.com/gocraft/work/worker_pool.go:197.16,199.3 1 1
github.com/gocraft/work/worker_pool.go:206.31,208.3 1 119
github.com/gocraft/work/worker_pool.go:218.30,219.17 1 16
github.com/gocraft/work/worker_pool.go:222.2,225.31 3 15
github.com/gocraft/work/worker_pool.go:232.2,237.28 6 15
github.com/gocraft/work/worker_pool.go:219.17,221.3 1 1
github.com/gocraft/work/worker_pool.go:225.31,227.22 2 119
github.com/gocraft/work/worker_pool.go:227.22,230.4 2 119
github.com/gocraft/work/worker_pool.go:241.31,243.31 2 7
github.com/gocraft/work/worker_pool.go:250.2,250.11 1 7
github.com/gocraft/work/worker_pool.go:243.31,245.22 2 46
github.com/gocraft/work/worker_pool.go:245.22,248.4 2 46
github.com/gocraft/work/worker_pool.go:253.40,255.29 2 15
github.com/gocraft/work/worker_pool.go:258.2,263.27 6 15
github.com/gocraft/work/worker_pool.go:255.29,257.3 1 19
github.com/gocraft/work/worker_pool.go:266.44,268.31 2 17
github.com/gocraft/work/worker_pool.go:271.2,272.13 2 17
github.com/gocraft/work/worker_pool.go:268.31,270.3 1 140
github.com/gocraft/work/worker_pool.go:275.47,276.27 1 15
github.com/gocraft/work/worker_pool.go:280.2,285.29 6 12
github.com/gocraft/work/worker_pool.go:289.2,289.56 1 12
github.com/gocraft/work/worker_pool.go:276.27,278.3 1 3
github.com/gocraft/work/worker_pool.go:285.29,287.3 1 19
github.com/gocraft/work/worker_pool.go:289.56,291.3 1 0
github.com/gocraft/work/worker_pool.go:294.57,295.27 1 15
github.com/gocraft/work/worker_pool.go:299.2,301.44 3 12
github.com/gocraft/work/worker_pool.go:295.27,297.3 1 3
github.com/gocraft/work/worker_pool.go:301.44,302.115 1 19
github.com/gocraft/work/worker_pool.go:302.115,304.4 1 0
github.com/gocraft/work/worker_pool.go:309.48,310.38 1 16
github.com/gocraft/work/worker_pool.go:310.38,311.51 1 0
github.com/gocraft/work/worker_pool.go:315.67,316.39 1 21
github.com/gocraft/work/worker_pool.go:316.39,317.83 1 1
github.com/gocraft/work/worker_pool.go:321.70,322.42 1 1
github.com/gocraft/work/worker_pool.go:322.42,323.112 1 1
github.com/gocraft/work/worker_pool.go:335.122,339.24 3 2
github.com/gocraft/work/worker_pool.go:345.2,361.12 16 2
github.com/gocraft/work/worker_pool.go:339.24,341.3 1 0
github.com/gocraft/work/worker_pool.go:341.8,343.3 1 2
github.com/gocraft/work/worker_pool.go:364.71,367.35 2 30
github.com/gocraft/work/worker_pool.go:371.2,374.17 3 30
github.com/gocraft/work/worker_pool.go:378.2,381.41 3 27
github.com/gocraft/work/worker_pool.go:385.2,386.16 2 26
github.com/gocraft/work/worker_pool.go:401.2,401.13 1 22
github.com/gocraft/work/worker_pool.go:367.35,369.3 1 0
github.com/gocraft/work/worker_pool.go:374.17,376.3 1 3
github.com/gocraft/work/worker_pool.go:381.41,383.3 1 1
github.com/gocraft/work/worker_pool.go:386.16,387.40 1 18
github.com/gocraft/work/worker_pool.go:387.40,389.4 1 1
github.com/gocraft/work/worker_pool.go:390.8,390.23 1 8
github.com/gocraft/work/worker_pool.go:390.23,391.45 1 6
github.com/gocraft/work/worker_pool.go:394.3,394.40 1 5
github.com/gocraft/work/worker_pool.go:391.45,393.4 1 1
github.com/gocraft/work/worker_pool.go:394.40,396.4 1 0
github.com/gocraft/work/worker_pool.go:397.8,399.3 1 2
github.com/gocraft/work/worker_pool.go:404.74,407.35 2 12
github.com/gocraft/work/worker_pool.go:411.2,414.17 3 12
github.com/gocraft/work/worker_pool.go:418.2,421.41 3 9
github.com/gocraft/work/worker_pool.go:425.2,427.16 3 8
github.com/gocraft/work/worker_pool.go:448.2,448.13 1 2
github.com/gocraft/work/worker_pool.go:407.35,409.3 1 0
github.com/gocraft/work/worker_pool.go:414.17,416.3 1 3
github.com/gocraft/work/worker_pool.go:421.41,423.3 1 1
github.com/gocraft/work/worker_pool.go:427.16,428.40 1 3
github.com/gocraft/work/worker_pool.go:431.3,431.42 1 1
github.com/gocraft/work/worker_pool.go:428.40,430.4 1 2
github.com/gocraft/work/worker_pool.go:431.42,433.4 1 0
github.com/gocraft/work/worker_pool.go:434.8,434.23 1 5
github.com/gocraft/work/worker_pool.go:434.23,435.45 1 3
github.com/gocraft/work/worker_pool.go:438.3,438.40 1 2
github.com/gocraft/work/worker_pool.go:441.3,441.42 1 2
github.com/gocraft/work/worker_pool.go:435.45,437.4 1 1
github.com/gocraft/work/worker_pool.go:438.40,440.4 1 0
github.com/gocraft/work/worker_pool.go:441.42,443.4 1 1
github.com/gocraft/work/worker_pool.go:444.8,446.3 1 2
github.com/gocraft/work/worker_pool.go:451.62,452.27 1 21
github.com/gocraft/work/worker_pool.go:456.2,456.27 1 21
github.com/gocraft/work/worker_pool.go:460.2,460.31 1 21
github.com/gocraft/work/worker_pool.go:464.2,464.16 1 21
github.com/gocraft/work/worker_pool.go:452.27,454.3 1 13
github.com/gocraft/work/worker_pool.go:456.27,458.3 1 16
github.com/gocraft/work/worker_pool.go:460.31,461.66 1 0
github.com/gocraft/work/periodic_enqueuer.go:32.109,40.2 1 17
github.com/gocraft/work/periodic_enqueuer.go:42.37,44.2 1 16
github.com/gocraft/work/periodic_enqueuer.go:46.36,49.2 2 16
github.com/gocraft/work/periodic_enqueuer.go:51.36,54.16 2 16
github.com/gocraft/work/periodic_enqueuer.go:57.2,60.24 3 16
github.com/gocraft/work/periodic_enqueuer.go:67.2,67.6 1 16
github.com/gocraft/work/periodic_enqueuer.go:54.16,55.13 1 0
github.com/gocraft/work/periodic_enqueuer.go:60.24,62.17 2 12
github.com/gocraft/work/periodic_enqueuer.go:62.17,64.4 1 1
github.com/gocraft/work/periodic_enqueuer.go:67.6,68.10 1 16
github.com/gocraft/work/periodic_enqueuer.go:69.22,71.10 2 16
github.com/gocraft/work/periodic_enqueuer.go:72.18,74.18 2 0
github.com/gocraft/work/periodic_enqueuer.go:78.4,79.26 2 0
github.com/gocraft/work/periodic_enqueuer.go:74.18,75.15 1 0
github.com/gocraft/work/periodic_enqueuer.go:79.26,81.19 2 0
github.com/gocraft/work/periodic_enqueuer.go:81.19,83.6 1 0
github.com/gocraft/work/periodic_enqueuer.go:89.45,97.37 6 14
github.com/gocraft/work/periodic_enqueuer.go:123.2,125.12 2 14
github.com/gocraft/work/periodic_enqueuer.go:97.37,98.82 1 6
github.com/gocraft/work/periodic_enqueuer.go:98.82,112.18 5 40
github.com/gocraft/work/periodic_enqueuer.go:116.4,117.18 2 40
github.com/gocraft/work/periodic_enqueuer.go:112.18,114.5 1 0
github.com/gocraft/work/periodic_enqueuer.go:117.18,119.5 1 0
github.com/gocraft/work/periodic_enqueuer.go:128.50,133.25 4 18
github.com/gocraft/work/periodic_enqueuer.go:140.2,140.85 1 7
github.com/gocraft/work/periodic_enqueuer.go:133.25,135.3 1 10
github.com/gocraft/work/periodic_enqueuer.go:135.8,135.23 1 8
github.com/gocraft/work/periodic_enqueuer.go:135.23,138.3 2 1
github.com/gocraft/work/periodic_enqueuer.go:143.66,145.2 1 40
github.com/gocraft/work/requeuer.go:24.102,28.35 4 32
github.com/gocraft/work/requeuer.go:31.2,46.3 3 32
github.com/gocraft/work/requeuer.go:28.35,30.3 1 42
github.com/gocraft/work/requeuer.go:49.28,51.2 1 32
github.com/gocraft/work/requeuer.go:53.27,56.2 2 32
github.com/gocraft/work/requeuer.go:58.28,61.2 2 2
github.com/gocraft/work/requeuer.go:63.27,70.6 2 32
github.com/gocraft/work/requeuer.go:70.6,71.10 1 48
github.com/gocraft/work/requeuer.go:72.21,74.10 2 32
github.com/gocraft/work/requeuer.go:75.22,76.20 1 2
github.com/gocraft/work/requeuer.go:78.4,78.36 1 2
github.com/gocraft/work/requeuer.go:79.17,80.20 1 14
github.com/gocraft/work/requeuer.go:76.21,77.5 0 4
github.com/gocraft/work/requeuer.go:80.21,81.5 0 0
github.com/gocraft/work/requeuer.go:86.35,93.25 5 20
github.com/gocraft/work/requeuer.go:100.2,100.15 1 4
github.com/gocraft/work/requeuer.go:109.2,109.14 1 0
github.com/gocraft/work/requeuer.go:93.25,95.3 1 12
github.com/gocraft/work/requeuer.go:95.8,95.23 1 8
github.com/gocraft/work/requeuer.go:95.23,98.3 2 4
github.com/gocraft/work/requeuer.go:100.15,102.3 1 0
github.com/gocraft/work/requeuer.go:102.8,102.26 1 4
github.com/gocraft/work/requeuer.go:102.26,105.3 2 1
github.com/gocraft/work/requeuer.go:105.8,105.24 1 3
github.com/gocraft/work/requeuer.go:105.24,107.3 1 3
github.com/gocraft/work/time.go:7.30,8.18 1 292
github.com/gocraft/work/time.go:11.2,11.26 1 232
github.com/gocraft/work/time.go:8.18,10.3 1 60
github.com/gocraft/work/time.go:14.38,16.2 1 25
github.com/gocraft/work/time.go:18.33,20.2 1 15
github.com/gocraft/work/redis.go:9.52,11.40 2 2543
github.com/gocraft/work/redis.go:14.2,14.18 1 2543
github.com/gocraft/work/redis.go:11.40,13.3 1 2543
github.com/gocraft/work/redis.go:17.49,19.2 1 77
github.com/gocraft/work/redis.go:23.50,25.2 1 1818
github.com/gocraft/work/redis.go:27.53,29.2 1 1746
github.com/gocraft/work/redis.go:31.71,33.2 1 273
github.com/gocraft/work/redis.go:35.45,37.2 1 37
github.com/gocraft/work/redis.go:39.44,41.2 1 101
github.com/gocraft/work/redis.go:43.49,45.2 1 89
github.com/gocraft/work/redis.go:47.67,49.2 1 239
github.com/gocraft/work/redis.go:51.51,53.2 1 58
github.com/gocraft/work/redis.go:55.63,57.2 1 65
github.com/gocraft/work/redis.go:59.59,61.2 1 234
github.com/gocraft/work/redis.go:63.57,65.2 1 312
github.com/gocraft/work/redis.go:67.61,69.2 1 316
github.com/gocraft/work/redis.go:71.64,73.2 1 242
github.com/gocraft/work/redis.go:75.96,83.17 6 25
github.com/gocraft/work/redis.go:90.2,90.26 1 25
github.com/gocraft/work/redis.go:83.17,85.17 2 15
github.com/gocraft/work/redis.go:85.17,87.4 1 0
github.com/gocraft/work/redis.go:93.59,95.2 1 34
github.com/gocraft/work/dead_pool_reaper.go:31.98,41.2 1 20
github.com/gocraft/work/dead_pool_reaper.go:43.34,45.2 1 16
github.com/gocraft/work/dead_pool_reaper.go:47.33,50.2 2 16
github.com/gocraft/work/dead_pool_reaper.go:52.33,57.6 3 16
github.com/gocraft/work/dead_pool_reaper.go:57.6,58.10 1 17
github.com/gocraft/work/dead_pool_reaper.go:59.21,61.10 2 16
github.com/gocraft/work/dead_pool_reaper.go:62.18,64.18 2 1
github.com/gocraft/work/dead_pool_reaper.go:69.4,72.35 2 1
github.com/gocraft/work/dead_pool_reaper.go:64.18,65.15 1 0
github.com/gocraft/work/dead_pool_reaper.go:72.35,74.5 1 0
github.com/gocraft/work/dead_pool_reaper.go:79.39,82.16 2 4
github.com/gocraft/work/dead_pool_reaper.go:86.2,92.48 4 4
github.com/gocraft/work/dead_pool_reaper.go:114.2,114.12 1 4
github.com/gocraft/work/dead_pool_reaper.go:82.16,84.3 1 0
github.com/gocraft/work/dead_pool_reaper.go:92.48,95.24 2 7
github.com/gocraft/work/dead_pool_reaper.go:105.3,105.71 1 7
github.com/gocraft/work/dead_pool_reaper.go:109.3,109.71 1 7
github.com/gocraft/work/dead_pool_reaper.go:95.24,97.87 2 4
github.com/gocraft/work/dead_pool_reaper.go:97.87,99.5 1 0
github.com/gocraft/work/dead_pool_reaper.go:100.9,103.4 1 3
github.com/gocraft/work/dead_pool_reaper.go:105.71,107.4 1 0
github.com/gocraft/work/dead_pool_reaper.go:109.71,111.4 1 0
github.com/gocraft/work/dead_pool_reaper.go:117.85,122.35 4 9
github.com/gocraft/work/dead_pool_reaper.go:125.2,129.72 4 9
github.com/gocraft/work/dead_pool_reaper.go:133.2,133.12 1 9
github.com/gocraft/work/dead_pool_reaper.go:122.35,124.3 1 14
github.com/gocraft/work/dead_pool_reaper.go:129.72,131.3 1 0
github.com/gocraft/work/dead_pool_reaper.go:136.88,141.35 4 4
github.com/gocraft/work/dead_pool_reaper.go:145.2,151.6 4 4
github.com/gocraft/work/dead_pool_reaper.go:141.35,144.3 1 7
github.com/gocraft/work/dead_pool_reaper.go:151.6,153.26 2 7
github.com/gocraft/work/dead_pool_reaper.go:159.3,159.23 1 3
github.com/gocraft/work/dead_pool_reaper.go:153.26,155.4 1 4
github.com/gocraft/work/dead_pool_reaper.go:155.9,155.24 1 3
github.com/gocraft/work/dead_pool_reaper.go:155.24,157.4 1 0
github.com/gocraft/work/dead_pool_reaper.go:159.23,161.4 1 0
github.com/gocraft/work/dead_pool_reaper.go:165.71,172.16 5 7
github.com/gocraft/work/dead_pool_reaper.go:176.2,177.45 2 7
github.com/gocraft/work/dead_pool_reaper.go:205.2,205.23 1 7
github.com/gocraft/work/dead_pool_reaper.go:172.16,174.3 1 0
github.com/gocraft/work/dead_pool_reaper.go:177.45,180.26 3 17
github.com/gocraft/work/dead_pool_reaper.go:185.3,185.17 1 11
github.com/gocraft/work/dead_pool_reaper.go:190.3,190.66 1 11
github.com/gocraft/work/dead_pool_reaper.go:194.3,195.26 2 9
github.com/gocraft/work/dead_pool_reaper.go:198.3,198.17 1 7
github.com/gocraft/work/dead_pool_reaper.go:202.3,202.61 1 7
github.com/gocraft/work/dead_pool_reaper.go:180.26,183.12 2 6
github.com/gocraft/work/dead_pool_reaper.go:185.17,187.4 1 0
github.com/gocraft/work/dead_pool_reaper.go:190.66,191.12 1 2
github.com/gocraft/work/dead_pool_reaper.go:195.26,196.12 1 2
github.com/gocraft/work/dead_pool_reaper.go:198.17,200.4 1 0
github.com/gocraft/work/job.go:36.70,39.16 3 171
github.com/gocraft/work/job.go:42.2,45.18 4 171
github.com/gocraft/work/job.go:39.16,41.3 1 0
github.com/gocraft/work/job.go:48.43,50.2 1 10166
github.com/gocraft/work/job.go:53.51,54.19 1 36
github.com/gocraft/work/job.go:57.2,57.19 1 36
github.com/gocraft/work/job.go:54.19,56.3 1 5
github.com/gocraft/work/job.go:60.33,64.2 3 9
github.com/gocraft/work/job.go:67.35,68.23 1 1
github.com/gocraft/work/job.go:68.23,70.3 1 1
github.com/gocraft/work/job.go:76.44,78.8 2 16
github.com/gocraft/work/job.go:87.2,87.11 1 4
github.com/gocraft/work/job.go:78.8,80.9 2 14
github.com/gocraft/work/job.go:83.3,83.47 1 2
github.com/gocraft/work/job.go:80.9,82.4 1 12
github.com/gocraft/work/job.go:84.8,86.3 1 2
github.com/gocraft/work/job.go:93.42,95.8 2 37
github.com/gocraft/work/job.go:115.2,115.10 1 7
github.com/gocraft/work/job.go:95.8,97.22 2 36
github.com/gocraft/work/job.go:111.3,111.46 1 6
github.com/gocraft/work/job.go:97.22,99.4 1 12
github.com/gocraft/work/job.go:99.9,99.30 1 24
github.com/gocraft/work/job.go:99.30,101.30 2 3
github.com/gocraft/work/job.go:101.30,103.5 1 2
github.com/gocraft/work/job.go:104.9,104.31 1 21
github.com/gocraft/work/job.go:104.31,107.101 3 19
github.com/gocraft/work/job.go:107.101,109.5 1 16
github.com/gocraft/work/job.go:112.8,114.3 1 1
github.com/gocraft/work/job.go:121.46,123.8 2 12
github.com/gocraft/work/job.go:136.2,136.12 1 3
github.com/gocraft/work/job.go:123.8,125.22 2 11
github.com/gocraft/work/job.go:132.3,132.48 1 2
github.com/gocraft/work/job.go:125.22,127.4 1 4
github.com/gocraft/work/job.go:127.9,127.30 1 7
github.com/gocraft/work/job.go:127.30,129.4 1 0
github.com/gocraft/work/job.go:129.9,129.31 1 7
github.com/gocraft/work/job.go:129.31,131.4 1 5
github.com/gocraft/work/job.go:133.8,135.3 1 1
github.com/gocraft/work/job.go:142.40,144.8 2 7
github.com/gocraft/work/job.go:153.2,153.14 1 3
github.com/gocraft/work/job.go:144.8,146.9 2 6
github.com/gocraft/work/job.go:149.3,149.45 1 2
github.com/gocraft/work/job.go:146.9,148.4 1 4
github.com/gocraft/work/job.go:150.8,152.3 1 1
github.com/gocraft/work/job.go:157.32,159.2 1 54
github.com/gocraft/work/job.go:161.38,164.2 2 47
github.com/gocraft/work/job.go:166.39,169.2 2 31
github.com/gocraft/work/job.go:171.40,174.2 2 28
github.com/gocraft/work/job.go:176.50,178.2 1 5
github.com/gocraft/work/job.go:180.63,183.2 2 12
github.com/gocraft/work/priority_sampler.go:26.157,38.2 3 226
github.com/gocraft/work/priority_sampler.go:47.49,59.20 5 471
github.com/gocraft/work/priority_sampler.go:85.2,85.18 1 471
github.com/gocraft/work/priority_sampler.go:59.20,61.17 2 532
github.com/gocraft/work/priority_sampler.go:66.3,68.51 3 532
github.com/gocraft/work/priority_sampler.go:81.3,82.14 2 532
github.com/gocraft/work/priority_sampler.go:61.17,62.14 1 0
github.com/gocraft/work/priority_sampler.go:68.51,70.40 2 1014
github.com/gocraft/work/priority_sampler.go:70.40,75.10 3 532
github.com/gocraft/work/priority_sampler.go:76.10,78.5 1 482
github.com/gocraft/work/run.go:10.136,16.22 5 50
github.com/gocraft/work/run.go:41.2,41.15 1 50
github.com/gocraft/work/run.go:51.2,51.26 1 50
github.com/gocraft/work/run.go:16.22,17.40 1 55
github.com/gocraft/work/run.go:30.3,30.19 1 48
github.com/gocraft/work/run.go:33.3,35.15 3 24
github.com/gocraft/work/run.go:38.3,38.19 1 1
github.com/gocraft/work/run.go:17.40,20.20 3 7
github.com/gocraft/work/run.go:23.4,25.16 3 2
github.com/gocraft/work/run.go:28.4,28.20 1 0
github.com/gocraft/work/run.go:20.20,22.5 1 5
github.com/gocraft/work/run.go:25.16,27.5 1 2
github.com/gocraft/work/run.go:30.19,32.4 1 24
github.com/gocraft/work/run.go:35.15,37.4 1 22
github.com/gocraft/work/run.go:41.15,42.45 1 50
github.com/gocraft/work/run.go:42.45,48.4 3 2
github.com/gocraft/work/worker.go:36.154,40.29 3 126
github.com/gocraft/work/worker.go:44.2,63.10 3 126
github.com/gocraft/work/worker.go:40.29,42.3 1 126
github.com/gocraft/work/worker.go:67.109,70.30 3 273
github.com/gocraft/work/worker.go:79.2,81.91 3 273
github.com/gocraft/work/worker.go:70.30,78.3 1 223
github.com/gocraft/work/worker.go:84.26,87.2 2 125
github.com/gocraft/work/worker.go:89.25,94.2 4 125
github.com/gocraft/work/worker.go:96.26,100.2 3 52
github.com/gocraft/work/worker.go:104.25,112.6 5 125
github.com/gocraft/work/worker.go:112.6,113.10 1 448
github.com/gocraft/work/worker.go:114.21,116.10 2 125
github.com/gocraft/work/worker.go:117.22,119.18 2 52
github.com/gocraft/work/worker.go:120.18,122.18 2 271
github.com/gocraft/work/worker.go:122.18,125.5 2 10
github.com/gocraft/work/worker.go:125.10,125.25 1 261
github.com/gocraft/work/worker.go:125.25,129.5 3 45
github.com/gocraft/work/worker.go:129.10,130.16 1 216
github.com/gocraft/work/worker.go:134.5,136.43 3 216
github.com/gocraft/work/worker.go:139.5,139.72 1 216
github.com/gocraft/work/worker.go:130.16,133.6 2 52
github.com/gocraft/work/worker.go:136.43,138.6 1 3
github.com/gocraft/work/worker.go:145.43,152.38 4 271
github.com/gocraft/work/worker.go:155.2,160.25 5 271
github.com/gocraft/work/worker.go:166.2,166.22 1 45
github.com/gocraft/work/worker.go:170.2,171.9 2 45
github.com/gocraft/work/worker.go:175.2,176.9 2 45
github.com/gocraft/work/worker.go:180.2,181.9 2 45
github.com/gocraft/work/worker.go:185.2,186.16 2 45
github.com/gocraft/work/worker.go:190.2,190.17 1 45
github.com/gocraft/work/worker.go:152.38,154.3 1 373
github.com/gocraft/work/worker.go:160.25,162.3 1 216
github.com/gocraft/work/worker.go:162.8,162.23 1 55
github.com/gocraft/work/worker.go:162.23,164.3 1 10
github.com/gocraft/work/worker.go:166.22,168.3 1 0
github.com/gocraft/work/worker.go:171.9,173.3 1 0
github.com/gocraft/work/worker.go:176.9,178.3 1 0
github.com/gocraft/work/worker.go:181.9,183.3 1 0
github.com/gocraft/work/worker.go:186.16,188.3 1 0
github.com/gocraft/work/worker.go:193.39,194.16 1 45
github.com/gocraft/work/worker.go:203.2,205.15 3 45
github.com/gocraft/work/worker.go:215.2,216.19 2 45
github.com/gocraft/work/worker.go:220.2,220.38 1 45
github.com/gocraft/work/worker.go:194.16,199.24 2 7
github.com/gocraft/work/worker.go:199.24,201.4 1 3
github.com/gocraft/work/worker.go:205.15,208.3 2 0
github.com/gocraft/work/worker.go:208.8,213.3 4 45
github.com/gocraft/work/worker.go:216.19,219.3 2 9
github.com/gocraft/work/worker.go:223.55,227.25 3 7
github.com/gocraft/work/worker.go:237.2,241.16 4 7
github.com/gocraft/work/worker.go:246.2,247.16 2 7
github.com/gocraft/work/worker.go:254.2,254.28 1 7
github.com/gocraft/work/worker.go:259.2,260.16 2 3
github.com/gocraft/work/worker.go:265.2,265.20 1 3
github.com/gocraft/work/worker.go:227.25,229.3 1 7
github.com/gocraft/work/worker.go:229.8,231.17 2 0
github.com/gocraft/work/worker.go:231.17,234.4 2 0
github.com/gocraft/work/worker.go:241.16,244.3 2 0
github.com/gocraft/work/worker.go:247.16,250.3 2 0
github.com/gocraft/work/worker.go:254.28,256.3 1 4
github.com/gocraft/work/worker.go:260.16,263.3 2 0
github.com/gocraft/work/worker.go:268.70,277.43 8 45
github.com/gocraft/work/worker.go:277.43,279.3 1 0
github.com/gocraft/work/worker.go:284.35,284.36 0 37
github.com/gocraft/work/worker.go:285.70,287.16 2 4
github.com/gocraft/work/worker.go:291.2,291.31 1 4
github.com/gocraft/work/worker.go:287.16,290.3 2 0
github.com/gocraft/work/worker.go:291.31,293.3 1 4
github.com/gocraft/work/worker.go:295.56,297.16 2 4
github.com/gocraft/work/worker.go:301.2,301.31 1 4
github.com/gocraft/work/worker.go:297.16,300.3 2 0
github.com/gocraft/work/worker.go:301.31,308.3 1 4
github.com/gocraft/work/worker.go:311.61,312.15 1 9
github.com/gocraft/work/worker.go:321.2,321.33 1 4
github.com/gocraft/work/worker.go:312.15,314.25 2 9
github.com/gocraft/work/worker.go:317.3,317.18 1 5
github.com/gocraft/work/worker.go:314.25,316.4 1 4
github.com/gocraft/work/worker.go:317.18,319.4 1 1
github.com/gocraft/work/worker.go:325.47,328.16 3 3
github.com/gocraft/work/worker.go:332.2,332.73 1 3
github.com/gocraft/work/worker.go:328.16,329.13 1 0
github.com/gocraft/work/heartbeater.go:32.179,44.26 3 17
github.com/gocraft/work/heartbeater.go:47.2,55.16 7 17
github.com/gocraft/work/heartbeater.go:59.2,61.10 2 17
github.com/gocraft/work/heartbeater.go:44.26,46.3 1 22
github.com/gocraft/work/heartbeater.go:55.16,58.3 2 0
github.com/gocraft/work/heartbeater.go:64.41,66.2 1 17
github.com/gocraft/work/heartbeater.go:68.40,71.2 2 17
github.com/gocraft/work/heartbeater.go:73.40,77.6 4 17
github.com/gocraft/work/heartbeater.go:77.6,78.10 1 18
github.com/gocraft/work/heartbeater.go:79.21,82.10 3 17
github.com/gocraft/work/heartbeater.go:83.17,84.17 1 1
github.com/gocraft/work/heartbeater.go:89.45,107.37 7 18
github.com/gocraft/work/heartbeater.go:107.37,109.3 1 1
github.com/gocraft/work/heartbeater.go:112.51,122.37 7 17
github.com/gocraft/work/heartbeater.go:122.37,124.3 1 1
github.com/gocraft/work/identifier.go:9.30,12.16 3 10261
github.com/gocraft/work/identifier.go:15.2,15.29 1 10261
github.com/gocraft/work/identifier.go:12.16,14.3 1 0
github.com/gocraft/work/observer.go:65.81,78.2 1 130
github.com/gocraft/work/observer.go:80.28,82.2 1 129
github.com/gocraft/work/observer.go:84.27,87.2 2 129
github.com/gocraft/work/observer.go:89.28,92.2 2 183
github.com/gocraft/work/observer.go:94.92,102.2 1 49
github.com/gocraft/work/observer.go:104.66,111.2 1 46
github.com/gocraft/work/observer.go:113.67,121.2 1 2
github.com/gocraft/work/observer.go:123.27,129.6 2 129
github.com/gocraft/work/observer.go:129.6,130.10 1 430
github.com/gocraft/work/observer.go:131.21,133.10 2 129
github.com/gocraft/work/observer.go:134.22,136.8 1 183
github.com/gocraft/work/observer.go:148.17,149.41 1 27
github.com/gocraft/work/observer.go:155.36,156.18 1 91
github.com/gocraft/work/observer.go:136.8,137.12 1 189
github.com/gocraft/work/observer.go:138.38,139.20 1 6
github.com/gocraft/work/observer.go:140.13,141.71 1 183
github.com/gocraft/work/observer.go:144.6,145.22 2 183
github.com/gocraft/work/observer.go:141.71,143.7 1 10
github.com/gocraft/work/observer.go:149.41,150.70 1 8
github.com/gocraft/work/observer.go:153.5,153.37 1 8
github.com/gocraft/work/observer.go:150.70,152.6 1 0
github.com/gocraft/work/observer.go:161.46,162.40 1 97
github.com/gocraft/work/observer.go:174.2,177.20 2 97
github.com/gocraft/work/observer.go:162.40,164.3 1 49
github.com/gocraft/work/observer.go:164.8,164.44 1 48
github.com/gocraft/work/observer.go:164.44,166.3 1 46
github.com/gocraft/work/observer.go:166.8,166.47 1 2
github.com/gocraft/work/observer.go:166.47,167.95 1 2
github.com/gocraft/work/observer.go:167.95,170.4 2 2
github.com/gocraft/work/observer.go:170.9,172.4 1 0
github.com/gocraft/work/observer.go:177.20,178.68 1 29
github.com/gocraft/work/observer.go:181.3,181.35 1 29
github.com/gocraft/work/observer.go:178.68,180.4 1 0
github.com/gocraft/work/observer.go:185.56,191.16 4 220
github.com/gocraft/work/observer.go:239.2,239.12 1 210
github.com/gocraft/work/observer.go:191.16,192.48 1 178
github.com/gocraft/work/observer.go:192.48,194.4 1 10
github.com/gocraft/work/observer.go:195.8,205.30 2 42
github.com/gocraft/work/observer.go:215.3,224.49 3 42
github.com/gocraft/work/observer.go:231.3,233.38 3 42
github.com/gocraft/work/observer.go:205.30,207.4 1 16
github.com/gocraft/work/observer.go:207.9,210.18 3 26
github.com/gocraft/work/observer.go:210.18,212.5 1 0
github.com/gocraft/work/observer.go:224.49,229.4 1 2
github.com/gocraft/work/observer.go:233.38,235.4 1 0
github.com/gocraft/work/client.go:27.60,32.2 1 16
github.com/gocraft/work/client.go:47.73,54.16 5 4
github.com/gocraft/work/client.go:57.2,59.37 2 4
github.com/gocraft/work/client.go:64.2,64.37 1 4
github.com/gocraft/work/client.go:69.2,71.37 2 4
github.com/gocraft/work/client.go:117.2,117.24 1 4
github.com/gocraft/work/client.go:54.16,56.3 1 0
github.com/gocraft/work/client.go:59.37,62.3 2 3
github.com/gocraft/work/client.go:64.37,67.3 2 0
github.com/gocraft/work/client.go:71.37,73.17 2 3
github.com/gocraft/work/client.go:78.3,82.39 2 3
github.com/gocraft/work/client.go:114.3,114.45 1 3
github.com/gocraft/work/client.go:73.17,76.4 2 0
github.com/gocraft/work/client.go:82.39,87.29 4 21
github.com/gocraft/work/client.go:108.4,108.18 1 21
github.com/gocraft/work/client.go:87.29,89.5 1 3
github.com/gocraft/work/client.go:89.10,89.34 1 18
github.com/gocraft/work/client.go:89.34,91.5 1 3
github.com/gocraft/work/client.go:91.10,91.33 1 15
github.com/gocraft/work/client.go:91.33,94.5 2 3
github.com/gocraft/work/client.go:94.10,94.35 1 12
github.com/gocraft/work/client.go:94.35,98.5 3 3
github.com/gocraft/work/client.go:98.10,98.28 1 9
github.com/gocraft/work/client.go:98.28,100.5 1 3
github.com/gocraft/work/client.go:100.10,100.27 1 6
github.com/gocraft/work/client.go:100.27,104.5 3 3
github.com/gocraft/work/client.go:104.10,104.34 1 3
github.com/gocraft/work/client.go:104.34,107.5 2 3
github.com/gocraft/work/client.go:108.18,111.5 2 0
github.com/gocraft/work/client.go:135.69,140.16 4 2
github.com/gocraft/work/client.go:145.2,146.25 2 2
github.com/gocraft/work/client.go:150.2,150.32 1 2
github.com/gocraft/work/client.go:155.2,155.37 1 2
github.com/gocraft/work/client.go:160.2,162.32 2 2
github.com/gocraft/work/client.go:202.2,202.26 1 2
github.com/gocraft/work/client.go:140.16,143.3 2 0
github.com/gocraft/work/client.go:146.25,148.3 1 1
github.com/gocraft/work/client.go:150.32,153.3 2 10
github.com/gocraft/work/client.go:155.37,158.3 2 0
github.com/gocraft/work/client.go:162.32,164.17 2 10
github.com/gocraft/work/client.go:169.3,173.39 2 10
github.com/gocraft/work/client.go:199.3,199.42 1 10
github.com/gocraft/work/client.go:164.17,167.4 2 0
github.com/gocraft/work/client.go:173.39,180.25 5 8
github.com/gocraft/work/client.go:193.4,193.18 1 8
github.com/gocraft/work/client.go:180.25,182.5 1 2
github.com/gocraft/work/client.go:182.10,182.30 1 6
github.com/gocraft/work/client.go:182.30,184.5 1 2
github.com/gocraft/work/client.go:184.10,184.34 1 4
github.com/gocraft/work/client.go:184.34,186.5 1 2
github.com/gocraft/work/client.go:186.10,186.28 1 2
github.com/gocraft/work/client.go:186.28,188.5 1 2
github.com/gocraft/work/client.go:188.10,188.31 1 0
github.com/gocraft/work/client.go:188.31,190.5 1 0
github.com/gocraft/work/client.go:190.10,190.34 1 0
github.com/gocraft/work/client.go:190.34,192.5 1 0
github.com/gocraft/work/client.go:193.18,196.5 2 0
github.com/gocraft/work/client.go:213.45,219.16 5 8
github.com/gocraft/work/client.go:222.2,224.35 2 8
github.com/gocraft/work/client.go:228.2,228.37 1 8
github.com/gocraft/work/client.go:233.2,235.35 2 8
github.com/gocraft/work/client.go:250.2,250.27 1 8
github.com/gocraft/work/client.go:256.2,256.37 1 8
github.com/gocraft/work/client.go:261.2,263.27 2 8
github.com/gocraft/work/client.go:279.2,279.20 1 8
github.com/gocraft/work/client.go:219.16,221.3 1 0
github.com/gocraft/work/client.go:224.35,226.3 1 25
github.com/gocraft/work/client.go:228.37,231.3 2 0
github.com/gocraft/work/client.go:235.35,237.17 2 25
github.com/gocraft/work/client.go:242.3,247.33 2 25
github.com/gocraft/work/client.go:237.17,240.4 2 0
github.com/gocraft/work/client.go:250.27,251.18 1 25
github.com/gocraft/work/client.go:251.18,253.4 1 8
github.com/gocraft/work/client.go:256.37,259.3 2 0
github.com/gocraft/work/client.go:263.27,264.18 1 25
github.com/gocraft/work/client.go:264.18,266.18 2 8
github.com/gocraft/work/client.go:271.4,272.18 2 8
github.com/gocraft/work/client.go:275.4,275.36 1 8
github.com/gocraft/work/client.go:266.18,269.5 2 0
github.com/gocraft/work/client.go:272.18,274.5 1 0
github.com/gocraft/work/client.go:301.75,304.16 3 3
github.com/gocraft/work/client.go:309.2,311.37 2 3
github.com/gocraft/work/client.go:315.2,315.25 1 3
github.com/gocraft/work/client.go:304.16,307.3 2 0
github.com/gocraft/work/client.go:311.37,313.3 1 43
github.com/gocraft/work/client.go:319.67,322.16 3 2
github.com/gocraft/work/client.go:327.2,329.37 2 2
github.com/gocraft/work/client.go:333.2,333.25 1 2
github.com/gocraft/work/client.go:322.16,325.3 2 0
github.com/gocraft/work/client.go:329.37,331.3 1 2
github.com/gocraft/work/client.go:337.65,340.16 3 19
github.com/gocraft/work/client.go:345.2,347.37 2 19
github.com/gocraft/work/client.go:351.2,351.25 1 19
github.com/gocraft/work/client.go:340.16,343.3 2 0
github.com/gocraft/work/client.go:347.37,349.3 1 50
github.com/gocraft/work/client.go:355.66,357.16 2 5
github.com/gocraft/work/client.go:360.2,360.9 1 5
github.com/gocraft/work/client.go:363.2,363.12 1 5
github.com/gocraft/work/client.go:357.16,359.3 1 0
github.com/gocraft/work/client.go:360.9,362.3 1 0
github.com/gocraft/work/client.go:367.65,370.16 2 5
github.com/gocraft/work/client.go:376.2,377.27 2 5
github.com/gocraft/work/client.go:381.2,385.35 4 5
github.com/gocraft/work/client.go:388.2,397.16 8 5
github.com/gocraft/work/client.go:402.2,402.14 1 5
github.com/gocraft/work/client.go:406.2,406.12 1 5
github.com/gocraft/work/client.go:370.16,373.3 2 0
github.com/gocraft/work/client.go:377.27,379.3 1 17
github.com/gocraft/work/client.go:385.35,387.3 1 17
github.com/gocraft/work/client.go:397.16,400.3 2 0
github.com/gocraft/work/client.go:402.14,404.3 1 0
github.com/gocraft/work/client.go:410.43,413.16 2 2
github.com/gocraft/work/client.go:419.2,420.27 2 2
github.com/gocraft/work/client.go:424.2,428.35 4 2
github.com/gocraft/work/client.go:431.2,440.28 6 2
github.com/gocraft/work/client.go:452.2,452.12 1 2
github.com/gocraft/work/client.go:413.16,416.3 2 0
github.com/gocraft/work/client.go:420.27,422.3 1 5
github.com/gocraft/work/client.go:428.35,430.3 1 5
github.com/gocraft/work/client.go:440.28,442.17 2 14
github.com/gocraft/work/client.go:447.3,447.15 1 14
github.com/gocraft/work/client.go:442.17,445.4 2 0
github.com/gocraft/work/client.go:447.15,448.9 1 2
github.com/gocraft/work/client.go:456.44,460.16 4 1
github.com/gocraft/work/client.go:465.2,465.12 1 1
github.com/gocraft/work/client.go:460.16,463.3 2 0
github.com/gocraft/work/client.go:469.77,471.16 2 3
github.com/gocraft/work/client.go:476.2,476.23 1 3
github.com/gocraft/work/client.go:500.2,500.9 1 3
github.com/gocraft/work/client.go:503.2,503.12 1 2
github.com/gocraft/work/client.go:471.16,473.3 1 0
github.com/gocraft/work/client.go:476.23,478.17 2 2
github.com/gocraft/work/client.go:483.3,483.17 1 2
github.com/gocraft/work/client.go:478.17,481.4 2 0
github.com/gocraft/work/client.go:483.17,485.18 2 1
github.com/gocraft/work/client.go:489.4,493.18 4 1
github.com/gocraft/work/client.go:485.18,488.5 2 0
github.com/gocraft/work/client.go:493.18,496.5 2 0
github.com/gocraft/work/client.go:500.9,502.3 1 1
github.com/gocraft/work/client.go:507.68,509.16 2 1
github.com/gocraft/work/client.go:512.2,512.9 1 1
github.com/gocraft/work/client.go:515.2,515.12 1 1
github.com/gocraft/work/client.go:509.16,511.3 1 0
github.com/gocraft/work/client.go:512.9,514.3 1 0
github.com/gocraft/work/client.go:519.98,530.22 9 9
github.com/gocraft/work/client.go:534.2,536.16 3 9
github.com/gocraft/work/client.go:541.2,541.31 1 9
github.com/gocraft/work/client.go:530.22,532.3 1 0
github.com/gocraft/work/client.go:536.16,539.3 2 0
github.com/gocraft/work/client.go:550.80,554.15 3 24
github.com/gocraft/work/client.go:558.2,559.16 2 24
github.com/gocraft/work/client.go:564.2,566.65 2 24
github.com/gocraft/work/client.go:571.2,571.37 1 24
github.com/gocraft/work/client.go:581.2,582.16 2 24
github.com/gocraft/work/client.go:587.2,587.35 1 24
github.com/gocraft/work/client.go:554.15,556.3 1 0
github.com/gocraft/work/client.go:559.16,562.3 2 0
github.com/gocraft/work/client.go:566.65,569.3 2 0
github.com/gocraft/work/client.go:571.37,573.17 2 95
github.com/gocraft/work/client.go:578.3,578.30 1 95
github.com/gocraft/work/client.go:573.17,576.4 2 0
github.com/gocraft/work/client.go:582.16,585.3 2 0
github.com/gocraft/work/enqueue.go:23.64,24.17 1 24
github.com/gocraft/work/enqueue.go:28.2,35.3 1 24
github.com/gocraft/work/enqueue.go:24.17,25.51 1 0
github.com/gocraft/work/enqueue.go:40.87,49.16 3 65
github.com/gocraft/work/enqueue.go:53.2,56.76 3 65
github.com/gocraft/work/enqueue.go:60.2,60.56 1 65
github.com/gocraft/work/enqueue.go:64.2,64.17 1 65
github.com/gocraft/work/enqueue.go:49.16,51.3 1 0
github.com/gocraft/work/enqueue.go:56.76,58.3 1 0
github.com/gocraft/work/enqueue.go:60.56,62.3 1 0
github.com/gocraft/work/enqueue.go:68.120,77.16 3 11
github.com/gocraft/work/enqueue.go:81.2,90.16 5 11
github.com/gocraft/work/enqueue.go:94.2,94.56 1 11
github.com/gocraft/work/enqueue.go:98.2,98.26 1 11
github.com/gocraft/work/enqueue.go:77.16,79.3 1 0
github.com/gocraft/work/enqueue.go:90.16,92.3 1 0
github.com/gocraft/work/enqueue.go:94.56,96.3 1 0
github.com/gocraft/work/enqueue.go:107.93,109.2 1 9
github.com/gocraft/work/enqueue.go:112.126,114.2 1 8
github.com/gocraft/work/enqueue.go:122.129,124.16 2 16
github.com/gocraft/work/enqueue.go:128.2,130.31 2 16
github.com/gocraft/work/enqueue.go:133.2,133.17 1 3
github.com/gocraft/work/enqueue.go:124.16,126.3 1 0
github.com/gocraft/work/enqueue.go:130.31,132.3 1 13
github.com/gocraft/work/enqueue.go:138.162,140.16 2 8
github.com/gocraft/work/enqueue.go:144.2,150.31 3 8
github.com/gocraft/work/enqueue.go:153.2,153.17 1 2
github.com/gocraft/work/enqueue.go:140.16,142.3 1 0
github.com/gocraft/work/enqueue.go:150.31,152.3 1 6
github.com/gocraft/work/enqueue.go:156.74,164.8 6 100
github.com/gocraft/work/enqueue.go:169.2,169.14 1 100
github.com/gocraft/work/enqueue.go:179.2,179.12 1 100
github.com/gocraft/work/enqueue.go:164.8,165.14 1 64
github.com/gocraft/work/enqueue.go:165.14,167.4 1 63
github.com/gocraft/work/enqueue.go:169.14,170.85 1 37
github.com/gocraft/work/enqueue.go:174.3,176.17 3 37
github.com/gocraft/work/enqueue.go:170.85,172.4 1 0
github.com/gocraft/work/enqueue.go:184.141,186.19 2 24
github.com/gocraft/work/enqueue.go:191.2,192.16 2 24
github.com/gocraft/work/enqueue.go:196.2,206.16 3 24
github.com/gocraft/work/enqueue.go:210.2,210.50 1 24
github.com/gocraft/work/enqueue.go:244.2,244.28 1 24
github.com/gocraft/work/enqueue.go:186.19,189.3 2 17
github.com/gocraft/work/enqueue.go:192.16,194.3 1 0
github.com/gocraft/work/enqueue.go:206.16,208.3 1 0
github.com/gocraft/work/enqueue.go:210.50,214.57 3 24
github.com/gocraft/work/enqueue.go:218.3,224.21 6 24
github.com/gocraft/work/enqueue.go:234.3,234.19 1 24
github.com/gocraft/work/enqueue.go:241.3,241.54 1 24
github.com/gocraft/work/enqueue.go:214.57,216.4 1 0
github.com/gocraft/work/enqueue.go:224.21,228.4 1 17
github.com/gocraft/work/enqueue.go:228.9,232.4 1 7
github.com/gocraft/work/enqueue.go:234.19,239.4 3 8
github.com/gocraft/work/log.go:5.38,7.2 1 31
